<?xml version="1.0" encoding="UTF-8"?>
<!-- Generated by org.testng.reporters.JUnitXMLReporter -->
<testsuite hostname="DTDVD0001483PR" ignored="0" name="Test" tests="5" failures="2" timestamp="15 May 2018 16:14:40 GMT" time="65.191" errors="0">
  <testcase name="verifyHomePage" time="0.453" classname="test.java.EbaySearchPageTest"/>
  <testcase name="verifySearchFunctionTest" time="12.817" classname="test.java.EbaySearchPageTest">
    <failure type="java.lang.AssertionError" message="expected [true] but found [false]">
      <![CDATA[java.lang.AssertionError: expected [true] but found [false]
at test.java.EbaySearchPageTest.verifySearchFunctionTest(EbaySearchPageTest.java:112)
... Removed 33 stack frames]]>
    </failure>
  </testcase> <!-- verifySearchFunctionTest -->
  <testcase name="ScreenSizeChangeTest" time="7.71" classname="test.java.EbaySearchPageTest"/>
  <testcase name="ProductSelectMethod" time="8.141" classname="test.java.EbaySearchPageTest"/>
  <testcase name="CheckProductDetailTest" time="11.205" classname="test.java.EbaySearchPageTest">
    <failure type="java.util.NoSuchElementException">
      <![CDATA[java.util.NoSuchElementException
at java.util.LinkedHashMap$LinkedHashIterator.nextNode(LinkedHashMap.java:721)
at java.util.LinkedHashMap$LinkedKeyIterator.next(LinkedHashMap.java:742)
at test.java.EbaySearchPageTest.CheckProductDetailTest(EbaySearchPageTest.java:265)
... Removed 29 stack frames]]>
    </failure>
  </testcase> <!-- CheckProductDetailTest -->
</testsuite> <!-- Test -->
